# JRE version: OpenJDK Runtime Environment (8.0_242-b01) (build 1.8.0_242-release-1644-b01)
# Java VM: OpenJDK 64-Bit Server VM (25.242-b01 mixed mode windows-amd64 compressed oops)
Heap:
 PSYoungGen      total 118272K, used 76463K [0x00000000d5580000, 0x00000000dd680000, 0x0000000100000000)
  eden space 108032K, 61% used [0x00000000d5580000,0x00000000d962e970,0x00000000dbf00000)
  from space 10240K, 99% used [0x00000000dca00000,0x00000000dd3fd2f8,0x00000000dd400000)
  to   space 11264K, 0% used [0x00000000dbf00000,0x00000000dbf00000,0x00000000dca00000)
 ParOldGen       total 90624K, used 14515K [0x0000000080000000, 0x0000000085880000, 0x00000000d5580000)
  object space 90624K, 16% used [0x0000000080000000,0x0000000080e2cdc8,0x0000000085880000)
 Metaspace       used 42208K, capacity 44182K, committed 44504K, reserved 1087488K
  class space    used 5661K, capacity 6052K, committed 6144K, reserved 1048576K
GC Heap History (10 events):
Event: 7.941 GC heap before
{Heap before GC invocations=8 (full 1):
 PSYoungGen      total 76288K, used 66048K [0x00000000d5580000, 0x00000000dab80000, 0x0000000100000000)
  eden space 66048K, 100% used [0x00000000d5580000,0x00000000d9600000,0x00000000d9600000)
  from space 10240K, 0% used [0x00000000da080000,0x00000000da080000,0x00000000daa80000)
  to   space 10752K, 0% used [0x00000000d9600000,0x00000000d9600000,0x00000000da080000)
 ParOldGen       total 57344K, used 8971K [0x0000000080000000, 0x0000000083800000, 0x00000000d5580000)
  object space 57344K, 15% used [0x0000000080000000,0x00000000808c2fd0,0x0000000083800000)
 Metaspace       used 24950K, capacity 25986K, committed 26240K, reserved 1071104K
  class space    used 3582K, capacity 3852K, committed 3968K, reserved 1048576K
Event: 7.955 GC heap after
Heap after GC invocations=8 (full 1):
 PSYoungGen      total 76800K, used 5881K [0x00000000d5580000, 0x00000000dd400000, 0x0000000100000000)
  eden space 66048K, 0% used [0x00000000d5580000,0x00000000d5580000,0x00000000d9600000)
  from space 10752K, 54% used [0x00000000d9600000,0x00000000d9bbe768,0x00000000da080000)
  to   space 10240K, 0% used [0x00000000dca00000,0x00000000dca00000,0x00000000dd400000)
 ParOldGen       total 57344K, used 8979K [0x0000000080000000, 0x0000000083800000, 0x00000000d5580000)
  object space 57344K, 15% used [0x0000000080000000,0x00000000808c4fd0,0x0000000083800000)
 Metaspace       used 24950K, capacity 25986K, committed 26240K, reserved 1071104K
  class space    used 3582K, capacity 3852K, committed 3968K, reserved 1048576K
}
Event: 9.380 GC heap before
{Heap before GC invocations=9 (full 1):
 PSYoungGen      total 76800K, used 71929K [0x00000000d5580000, 0x00000000dd400000, 0x0000000100000000)
  eden space 66048K, 100% used [0x00000000d5580000,0x00000000d9600000,0x00000000d9600000)
  from space 10752K, 54% used [0x00000000d9600000,0x00000000d9bbe768,0x00000000da080000)
  to   space 10240K, 0% used [0x00000000dca00000,0x00000000dca00000,0x00000000dd400000)
 ParOldGen       total 57344K, used 8979K [0x0000000080000000, 0x0000000083800000, 0x00000000d5580000)
  object space 57344K, 15% used [0x0000000080000000,0x00000000808c4fd0,0x0000000083800000)
 Metaspace       used 32740K, capacity 33934K, committed 34048K, reserved 1079296K
  class space    used 4448K, capacity 4778K, committed 4864K, reserved 1048576K
Event: 9.406 GC heap after
Heap after GC invocations=9 (full 1):
 PSYoungGen      total 118272K, used 9486K [0x00000000d5580000, 0x00000000dd680000, 0x0000000100000000)
  eden space 108032K, 0% used [0x00000000d5580000,0x00000000d5580000,0x00000000dbf00000)
  from space 10240K, 92% used [0x00000000dca00000,0x00000000dd3439d0,0x00000000dd400000)
  to   space 11264K, 0% used [0x00000000dbf00000,0x00000000dbf00000,0x00000000dca00000)
 ParOldGen       total 57344K, used 8987K [0x0000000080000000, 0x0000000083800000, 0x00000000d5580000)
  object space 57344K, 15% used [0x0000000080000000,0x00000000808c6fd0,0x0000000083800000)
 Metaspace       used 32740K, capacity 33934K, committed 34048K, reserved 1079296K
  class space    used 4448K, capacity 4778K, committed 4864K, reserved 1048576K
}
Event: 9.867 GC heap before
{Heap before GC invocations=10 (full 1):
 PSYoungGen      total 118272K, used 22176K [0x00000000d5580000, 0x00000000dd680000, 0x0000000100000000)
  eden space 108032K, 11% used [0x00000000d5580000,0x00000000d61e4950,0x00000000dbf00000)
  from space 10240K, 92% used [0x00000000dca00000,0x00000000dd3439d0,0x00000000dd400000)
  to   space 11264K, 0% used [0x00000000dbf00000,0x00000000dbf00000,0x00000000dca00000)
 ParOldGen       total 57344K, used 8987K [0x0000000080000000, 0x0000000083800000, 0x00000000d5580000)
  object space 57344K, 15% used [0x0000000080000000,0x00000000808c6fd0,0x0000000083800000)
 Metaspace       used 34188K, capacity 35330K, committed 35416K, reserved 1079296K
  class space    used 4607K, capacity 4916K, committed 4992K, reserved 1048576K
Event: 9.894 GC heap after
Heap after GC invocations=10 (full 1):
 PSYoungGen      total 119296K, used 7291K [0x00000000d5580000, 0x00000000dd680000, 0x0000000100000000)
  eden space 108032K, 0% used [0x00000000d5580000,0x00000000d5580000,0x00000000dbf00000)
  from space 11264K, 64% used [0x00000000dbf00000,0x00000000dc61ec00,0x00000000dca00000)
  to   space 10240K, 0% used [0x00000000dca00000,0x00000000dca00000,0x00000000dd400000)
 ParOldGen       total 57344K, used 8987K [0x0000000080000000, 0x0000000083800000, 0x00000000d5580000)
  object space 57344K, 15% used [0x0000000080000000,0x00000000808c6fd0,0x0000000083800000)
 Metaspace       used 34188K, capacity 35330K, committed 35416K, reserved 1079296K
  class space    used 4607K, capacity 4916K, committed 4992K, reserved 1048576K
}
Event: 9.894 GC heap before
{Heap before GC invocations=11 (full 2):
 PSYoungGen      total 119296K, used 7291K [0x00000000d5580000, 0x00000000dd680000, 0x0000000100000000)
  eden space 108032K, 0% used [0x00000000d5580000,0x00000000d5580000,0x00000000dbf00000)
  from space 11264K, 64% used [0x00000000dbf00000,0x00000000dc61ec00,0x00000000dca00000)
  to   space 10240K, 0% used [0x00000000dca00000,0x00000000dca00000,0x00000000dd400000)
 ParOldGen       total 57344K, used 8987K [0x0000000080000000, 0x0000000083800000, 0x00000000d5580000)
  object space 57344K, 15% used [0x0000000080000000,0x00000000808c6fd0,0x0000000083800000)
 Metaspace       used 34188K, capacity 35330K, committed 35416K, reserved 1079296K
  class space    used 4607K, capacity 4916K, committed 4992K, reserved 1048576K
Event: 10.182 GC heap after
Heap after GC invocations=11 (full 2):
 PSYoungGen      total 119296K, used 0K [0x00000000d5580000, 0x00000000dd680000, 0x0000000100000000)
  eden space 108032K, 0% used [0x00000000d5580000,0x00000000d5580000,0x00000000dbf00000)
  from space 11264K, 0% used [0x00000000dbf00000,0x00000000dbf00000,0x00000000dca00000)
  to   space 10240K, 0% used [0x00000000dca00000,0x00000000dca00000,0x00000000dd400000)
 ParOldGen       total 90624K, used 13840K [0x0000000080000000, 0x0000000085880000, 0x00000000d5580000)
  object space 90624K, 15% used [0x0000000080000000,0x0000000080d84290,0x0000000085880000)
 Metaspace       used 34188K, capacity 35330K, committed 35416K, reserved 1079296K
  class space    used 4607K, capacity 4916K, committed 4992K, reserved 1048576K
}
Event: 12.743 GC heap before
{Heap before GC invocations=12 (full 2):
 PSYoungGen      total 119296K, used 108032K [0x00000000d5580000, 0x00000000dd680000, 0x0000000100000000)
  eden space 108032K, 100% used [0x00000000d5580000,0x00000000dbf00000,0x00000000dbf00000)
  from space 11264K, 0% used [0x00000000dbf00000,0x00000000dbf00000,0x00000000dca00000)
  to   space 10240K, 0% used [0x00000000dca00000,0x00000000dca00000,0x00000000dd400000)
 ParOldGen       total 90624K, used 13840K [0x0000000080000000, 0x0000000085880000, 0x00000000d5580000)
  object space 90624K, 15% used [0x0000000080000000,0x0000000080d84290,0x0000000085880000)
 Metaspace       used 40162K, capacity 41760K, committed 41816K, reserved 1085440K
  class space    used 5395K, capacity 5738K, committed 5760K, reserved 1048576K
Event: 12.760 GC heap after
Heap after GC invocations=12 (full 2):
 PSYoungGen      total 118272K, used 10228K [0x00000000d5580000, 0x00000000dd680000, 0x0000000100000000)
  eden space 108032K, 0% used [0x00000000d5580000,0x00000000d5580000,0x00000000dbf00000)
  from space 10240K, 99% used [0x00000000dca00000,0x00000000dd3fd2f8,0x00000000dd400000)
  to   space 11264K, 0% used [0x00000000dbf00000,0x00000000dbf00000,0x00000000dca00000)
 ParOldGen       total 90624K, used 14515K [0x0000000080000000, 0x0000000085880000, 0x00000000d5580000)
  object space 90624K, 16% used [0x0000000080000000,0x0000000080e2cdc8,0x0000000085880000)
 Metaspace       used 40162K, capacity 41760K, committed 41816K, reserved 1085440K
  class space    used 5395K, capacity 5738K, committed 5760K, reserved 1048576K
}

