# JRE version: OpenJDK Runtime Environment (8.0_242-b01) (build 1.8.0_242-release-1644-b01)
# Java VM: OpenJDK 64-Bit Server VM (25.242-b01 mixed mode windows-amd64 compressed oops)
Heap:
 PSYoungGen      total 138240K, used 59235K [0x00000000d5580000, 0x00000000de180000, 0x0000000100000000)
  eden space 133120K, 40% used [0x00000000d5580000,0x00000000d8a5ecc0,0x00000000dd780000)
  from space 5120K, 99% used [0x00000000dd780000,0x00000000ddc7a0e0,0x00000000ddc80000)
  to   space 5120K, 0% used [0x00000000ddc80000,0x00000000ddc80000,0x00000000de180000)
 ParOldGen       total 86528K, used 34871K [0x0000000080000000, 0x0000000085480000, 0x00000000d5580000)
  object space 86528K, 40% used [0x0000000080000000,0x000000008220dfa0,0x0000000085480000)
 Metaspace       used 55714K, capacity 57846K, committed 58024K, reserved 1099776K
  class space    used 7313K, capacity 7789K, committed 7856K, reserved 1048576K
GC Heap History (10 events):
Event: 10.467 GC heap before
{Heap before GC invocations=7 (full 1):
 PSYoungGen      total 138240K, used 133120K [0x00000000d5580000, 0x00000000de180000, 0x0000000100000000)
  eden space 133120K, 100% used [0x00000000d5580000,0x00000000dd780000,0x00000000dd780000)
  from space 5120K, 0% used [0x00000000dd780000,0x00000000dd780000,0x00000000ddc80000)
  to   space 5120K, 0% used [0x00000000ddc80000,0x00000000ddc80000,0x00000000de180000)
 ParOldGen       total 57856K, used 6775K [0x0000000080000000, 0x0000000083880000, 0x00000000d5580000)
  object space 57856K, 11% used [0x0000000080000000,0x000000008069de88,0x0000000083880000)
 Metaspace       used 32751K, capacity 33792K, committed 33968K, reserved 1079296K
  class space    used 4470K, capacity 4750K, committed 4784K, reserved 1048576K
Event: 10.490 GC heap after
Heap after GC invocations=7 (full 1):
 PSYoungGen      total 138240K, used 5120K [0x00000000d5580000, 0x00000000de180000, 0x0000000100000000)
  eden space 133120K, 0% used [0x00000000d5580000,0x00000000d5580000,0x00000000dd780000)
  from space 5120K, 100% used [0x00000000ddc80000,0x00000000de180000,0x00000000de180000)
  to   space 5120K, 0% used [0x00000000dd780000,0x00000000dd780000,0x00000000ddc80000)
 ParOldGen       total 57856K, used 16041K [0x0000000080000000, 0x0000000083880000, 0x00000000d5580000)
  object space 57856K, 27% used [0x0000000080000000,0x0000000080faa7f8,0x0000000083880000)
 Metaspace       used 32751K, capacity 33792K, committed 33968K, reserved 1079296K
  class space    used 4470K, capacity 4750K, committed 4784K, reserved 1048576K
}
Event: 11.098 GC heap before
{Heap before GC invocations=8 (full 1):
 PSYoungGen      total 138240K, used 37571K [0x00000000d5580000, 0x00000000de180000, 0x0000000100000000)
  eden space 133120K, 24% used [0x00000000d5580000,0x00000000d7530d40,0x00000000dd780000)
  from space 5120K, 100% used [0x00000000ddc80000,0x00000000de180000,0x00000000de180000)
  to   space 5120K, 0% used [0x00000000dd780000,0x00000000dd780000,0x00000000ddc80000)
 ParOldGen       total 57856K, used 16041K [0x0000000080000000, 0x0000000083880000, 0x00000000d5580000)
  object space 57856K, 27% used [0x0000000080000000,0x0000000080faa7f8,0x0000000083880000)
 Metaspace       used 34253K, capacity 35408K, committed 35496K, reserved 1079296K
  class space    used 4709K, capacity 5001K, committed 5040K, reserved 1048576K
Event: 11.114 GC heap after
Heap after GC invocations=8 (full 1):
 PSYoungGen      total 138240K, used 5120K [0x00000000d5580000, 0x00000000de180000, 0x0000000100000000)
  eden space 133120K, 0% used [0x00000000d5580000,0x00000000d5580000,0x00000000dd780000)
  from space 5120K, 100% used [0x00000000dd780000,0x00000000ddc80000,0x00000000ddc80000)
  to   space 5120K, 0% used [0x00000000ddc80000,0x00000000ddc80000,0x00000000de180000)
 ParOldGen       total 57856K, used 18147K [0x0000000080000000, 0x0000000083880000, 0x00000000d5580000)
  object space 57856K, 31% used [0x0000000080000000,0x00000000811b8d08,0x0000000083880000)
 Metaspace       used 34253K, capacity 35408K, committed 35496K, reserved 1079296K
  class space    used 4709K, capacity 5001K, committed 5040K, reserved 1048576K
}
Event: 11.114 GC heap before
{Heap before GC invocations=9 (full 2):
 PSYoungGen      total 138240K, used 5120K [0x00000000d5580000, 0x00000000de180000, 0x0000000100000000)
  eden space 133120K, 0% used [0x00000000d5580000,0x00000000d5580000,0x00000000dd780000)
  from space 5120K, 100% used [0x00000000dd780000,0x00000000ddc80000,0x00000000ddc80000)
  to   space 5120K, 0% used [0x00000000ddc80000,0x00000000ddc80000,0x00000000de180000)
 ParOldGen       total 57856K, used 18147K [0x0000000080000000, 0x0000000083880000, 0x00000000d5580000)
  object space 57856K, 31% used [0x0000000080000000,0x00000000811b8d08,0x0000000083880000)
 Metaspace       used 34253K, capacity 35408K, committed 35496K, reserved 1079296K
  class space    used 4709K, capacity 5001K, committed 5040K, reserved 1048576K
Event: 11.207 GC heap after
Heap after GC invocations=9 (full 2):
 PSYoungGen      total 138240K, used 0K [0x00000000d5580000, 0x00000000de180000, 0x0000000100000000)
  eden space 133120K, 0% used [0x00000000d5580000,0x00000000d5580000,0x00000000dd780000)
  from space 5120K, 0% used [0x00000000dd780000,0x00000000dd780000,0x00000000ddc80000)
  to   space 5120K, 0% used [0x00000000ddc80000,0x00000000ddc80000,0x00000000de180000)
 ParOldGen       total 86528K, used 15378K [0x0000000080000000, 0x0000000085480000, 0x00000000d5580000)
  object space 86528K, 17% used [0x0000000080000000,0x0000000080f048b8,0x0000000085480000)
 Metaspace       used 34253K, capacity 35408K, committed 35496K, reserved 1079296K
  class space    used 4709K, capacity 5001K, committed 5040K, reserved 1048576K
}
Event: 13.167 GC heap before
{Heap before GC invocations=10 (full 2):
 PSYoungGen      total 138240K, used 133120K [0x00000000d5580000, 0x00000000de180000, 0x0000000100000000)
  eden space 133120K, 100% used [0x00000000d5580000,0x00000000dd780000,0x00000000dd780000)
  from space 5120K, 0% used [0x00000000dd780000,0x00000000dd780000,0x00000000ddc80000)
  to   space 5120K, 0% used [0x00000000ddc80000,0x00000000ddc80000,0x00000000de180000)
 ParOldGen       total 86528K, used 15378K [0x0000000080000000, 0x0000000085480000, 0x00000000d5580000)
  object space 86528K, 17% used [0x0000000080000000,0x0000000080f048b8,0x0000000085480000)
 Metaspace       used 38162K, capacity 39722K, committed 39848K, reserved 1083392K
  class space    used 5208K, capacity 5522K, committed 5552K, reserved 1048576K
Event: 13.187 GC heap after
Heap after GC invocations=10 (full 2):
 PSYoungGen      total 138240K, used 5106K [0x00000000d5580000, 0x00000000de180000, 0x0000000100000000)
  eden space 133120K, 0% used [0x00000000d5580000,0x00000000d5580000,0x00000000dd780000)
  from space 5120K, 99% used [0x00000000ddc80000,0x00000000de17c8c0,0x00000000de180000)
  to   space 5120K, 0% used [0x00000000dd780000,0x00000000dd780000,0x00000000ddc80000)
 ParOldGen       total 86528K, used 17724K [0x0000000080000000, 0x0000000085480000, 0x00000000d5580000)
  object space 86528K, 20% used [0x0000000080000000,0x000000008114f028,0x0000000085480000)
 Metaspace       used 38162K, capacity 39722K, committed 39848K, reserved 1083392K
  class space    used 5208K, capacity 5522K, committed 5552K, reserved 1048576K
}
Event: 16.542 GC heap before
{Heap before GC invocations=11 (full 2):
 PSYoungGen      total 138240K, used 138226K [0x00000000d5580000, 0x00000000de180000, 0x0000000100000000)
  eden space 133120K, 100% used [0x00000000d5580000,0x00000000dd780000,0x00000000dd780000)
  from space 5120K, 99% used [0x00000000ddc80000,0x00000000de17c8c0,0x00000000de180000)
  to   space 5120K, 0% used [0x00000000dd780000,0x00000000dd780000,0x00000000ddc80000)
 ParOldGen       total 86528K, used 17724K [0x0000000080000000, 0x0000000085480000, 0x00000000d5580000)
  object space 86528K, 20% used [0x0000000080000000,0x000000008114f028,0x0000000085480000)
 Metaspace       used 51345K, capacity 53278K, committed 53288K, reserved 1095680K
  class space    used 6813K, capacity 7215K, committed 7216K, reserved 1048576K
Event: 16.567 GC heap after
Heap after GC invocations=11 (full 2):
 PSYoungGen      total 138240K, used 5096K [0x00000000d5580000, 0x00000000de180000, 0x0000000100000000)
  eden space 133120K, 0% used [0x00000000d5580000,0x00000000d5580000,0x00000000dd780000)
  from space 5120K, 99% used [0x00000000dd780000,0x00000000ddc7a0e0,0x00000000ddc80000)
  to   space 5120K, 0% used [0x00000000ddc80000,0x00000000ddc80000,0x00000000de180000)
 ParOldGen       total 86528K, used 34871K [0x0000000080000000, 0x0000000085480000, 0x00000000d5580000)
  object space 86528K, 40% used [0x0000000080000000,0x000000008220dfa0,0x0000000085480000)
 Metaspace       used 51345K, capacity 53278K, committed 53288K, reserved 1095680K
  class space    used 6813K, capacity 7215K, committed 7216K, reserved 1048576K
}

