# JRE version: OpenJDK Runtime Environment (8.0_242-b01) (build 1.8.0_242-release-1644-b01)
# Java VM: OpenJDK 64-Bit Server VM (25.242-b01 mixed mode windows-amd64 compressed oops)
Heap:
 PSYoungGen      total 135168K, used 8630K [0x00000000d5580000, 0x00000000dea00000, 0x0000000100000000)
  eden space 125952K, 0% used [0x00000000d5580000,0x00000000d5580000,0x00000000dd080000)
  from space 9216K, 93% used [0x00000000de100000,0x00000000de96d880,0x00000000dea00000)
  to   space 11776K, 0% used [0x00000000dd300000,0x00000000dd300000,0x00000000dde80000)
 ParOldGen       total 67584K, used 33986K [0x0000000080000000, 0x0000000084200000, 0x00000000d5580000)
  object space 67584K, 50% used [0x0000000080000000,0x0000000082130b60,0x0000000084200000)
 Metaspace       used 56810K, capacity 59046K, committed 59160K, reserved 1099776K
  class space    used 7699K, capacity 8182K, committed 8240K, reserved 1048576K
GC Heap History (10 events):
Event: 9.286 GC heap after
Heap after GC invocations=10 (full 1):
 PSYoungGen      total 137728K, used 11445K [0x00000000d5580000, 0x00000000dea00000, 0x0000000100000000)
  eden space 125952K, 0% used [0x00000000d5580000,0x00000000d5580000,0x00000000dd080000)
  from space 11776K, 97% used [0x00000000dd300000,0x00000000dde2d540,0x00000000dde80000)
  to   space 9216K, 0% used [0x00000000de100000,0x00000000de100000,0x00000000dea00000)
 ParOldGen       total 47104K, used 6690K [0x0000000080000000, 0x0000000082e00000, 0x00000000d5580000)
  object space 47104K, 14% used [0x0000000080000000,0x0000000080688a70,0x0000000082e00000)
 Metaspace       used 34260K, capacity 35412K, committed 35496K, reserved 1079296K
  class space    used 4719K, capacity 5001K, committed 5040K, reserved 1048576K
}
Event: 9.286 GC heap before
{Heap before GC invocations=11 (full 2):
 PSYoungGen      total 137728K, used 11445K [0x00000000d5580000, 0x00000000dea00000, 0x0000000100000000)
  eden space 125952K, 0% used [0x00000000d5580000,0x00000000d5580000,0x00000000dd080000)
  from space 11776K, 97% used [0x00000000dd300000,0x00000000dde2d540,0x00000000dde80000)
  to   space 9216K, 0% used [0x00000000de100000,0x00000000de100000,0x00000000dea00000)
 ParOldGen       total 47104K, used 6690K [0x0000000080000000, 0x0000000082e00000, 0x00000000d5580000)
  object space 47104K, 14% used [0x0000000080000000,0x0000000080688a70,0x0000000082e00000)
 Metaspace       used 34260K, capacity 35412K, committed 35496K, reserved 1079296K
  class space    used 4719K, capacity 5001K, committed 5040K, reserved 1048576K
Event: 9.438 GC heap after
Heap after GC invocations=11 (full 2):
 PSYoungGen      total 137728K, used 0K [0x00000000d5580000, 0x00000000dea00000, 0x0000000100000000)
  eden space 125952K, 0% used [0x00000000d5580000,0x00000000d5580000,0x00000000dd080000)
  from space 11776K, 0% used [0x00000000dd300000,0x00000000dd300000,0x00000000dde80000)
  to   space 9216K, 0% used [0x00000000de100000,0x00000000de100000,0x00000000dea00000)
 ParOldGen       total 67584K, used 17656K [0x0000000080000000, 0x0000000084200000, 0x00000000d5580000)
  object space 67584K, 26% used [0x0000000080000000,0x000000008113e0d8,0x0000000084200000)
 Metaspace       used 34260K, capacity 35412K, committed 35496K, reserved 1079296K
  class space    used 4719K, capacity 5001K, committed 5040K, reserved 1048576K
}
Event: 11.480 GC heap before
{Heap before GC invocations=12 (full 2):
 PSYoungGen      total 137728K, used 125952K [0x00000000d5580000, 0x00000000dea00000, 0x0000000100000000)
  eden space 125952K, 100% used [0x00000000d5580000,0x00000000dd080000,0x00000000dd080000)
  from space 11776K, 0% used [0x00000000dd300000,0x00000000dd300000,0x00000000dde80000)
  to   space 9216K, 0% used [0x00000000de100000,0x00000000de100000,0x00000000dea00000)
 ParOldGen       total 67584K, used 17656K [0x0000000080000000, 0x0000000084200000, 0x00000000d5580000)
  object space 67584K, 26% used [0x0000000080000000,0x000000008113e0d8,0x0000000084200000)
 Metaspace       used 38687K, capacity 40300K, committed 40616K, reserved 1083392K
  class space    used 5330K, capacity 5708K, committed 5808K, reserved 1048576K
Event: 11.494 GC heap after
Heap after GC invocations=12 (full 2):
 PSYoungGen      total 135168K, used 8790K [0x00000000d5580000, 0x00000000dea00000, 0x0000000100000000)
  eden space 125952K, 0% used [0x00000000d5580000,0x00000000d5580000,0x00000000dd080000)
  from space 9216K, 95% used [0x00000000de100000,0x00000000de995af8,0x00000000dea00000)
  to   space 11776K, 0% used [0x00000000dd300000,0x00000000dd300000,0x00000000dde80000)
 ParOldGen       total 67584K, used 17664K [0x0000000080000000, 0x0000000084200000, 0x00000000d5580000)
  object space 67584K, 26% used [0x0000000080000000,0x00000000811400d8,0x0000000084200000)
 Metaspace       used 38687K, capacity 40300K, committed 40616K, reserved 1083392K
  class space    used 5330K, capacity 5708K, committed 5808K, reserved 1048576K
}
Event: 14.841 GC heap before
{Heap before GC invocations=13 (full 2):
 PSYoungGen      total 135168K, used 134742K [0x00000000d5580000, 0x00000000dea00000, 0x0000000100000000)
  eden space 125952K, 100% used [0x00000000d5580000,0x00000000dd080000,0x00000000dd080000)
  from space 9216K, 95% used [0x00000000de100000,0x00000000de995af8,0x00000000dea00000)
  to   space 11776K, 0% used [0x00000000dd300000,0x00000000dd300000,0x00000000dde80000)
 ParOldGen       total 67584K, used 17664K [0x0000000080000000, 0x0000000084200000, 0x00000000d5580000)
  object space 67584K, 26% used [0x0000000080000000,0x00000000811400d8,0x0000000084200000)
 Metaspace       used 52108K, capacity 54058K, committed 54312K, reserved 1095680K
  class space    used 6935K, capacity 7381K, committed 7472K, reserved 1048576K
Event: 14.869 GC heap after
Heap after GC invocations=13 (full 2):
 PSYoungGen      total 137728K, used 11769K [0x00000000d5580000, 0x00000000dea00000, 0x0000000100000000)
  eden space 125952K, 0% used [0x00000000d5580000,0x00000000d5580000,0x00000000dd080000)
  from space 11776K, 99% used [0x00000000dd300000,0x00000000dde7e728,0x00000000dde80000)
  to   space 9216K, 0% used [0x00000000de100000,0x00000000de100000,0x00000000dea00000)
 ParOldGen       total 67584K, used 26743K [0x0000000080000000, 0x0000000084200000, 0x00000000d5580000)
  object space 67584K, 39% used [0x0000000080000000,0x0000000081a1dd28,0x0000000084200000)
 Metaspace       used 52108K, capacity 54058K, committed 54312K, reserved 1095680K
  class space    used 6935K, capacity 7381K, committed 7472K, reserved 1048576K
}
Event: 16.230 GC heap before
{Heap before GC invocations=14 (full 2):
 PSYoungGen      total 137728K, used 83523K [0x00000000d5580000, 0x00000000dea00000, 0x0000000100000000)
  eden space 125952K, 56% used [0x00000000d5580000,0x00000000d9b92770,0x00000000dd080000)
  from space 11776K, 99% used [0x00000000dd300000,0x00000000dde7e728,0x00000000dde80000)
  to   space 9216K, 0% used [0x00000000de100000,0x00000000de100000,0x00000000dea00000)
 ParOldGen       total 67584K, used 26743K [0x0000000080000000, 0x0000000084200000, 0x00000000d5580000)
  object space 67584K, 39% used [0x0000000080000000,0x0000000081a1dd28,0x0000000084200000)
 Metaspace       used 56810K, capacity 59046K, committed 59160K, reserved 1099776K
  class space    used 7699K, capacity 8182K, committed 8240K, reserved 1048576K
Event: 16.258 GC heap after
Heap after GC invocations=14 (full 2):
 PSYoungGen      total 135168K, used 8630K [0x00000000d5580000, 0x00000000dea00000, 0x0000000100000000)
  eden space 125952K, 0% used [0x00000000d5580000,0x00000000d5580000,0x00000000dd080000)
  from space 9216K, 93% used [0x00000000de100000,0x00000000de96d880,0x00000000dea00000)
  to   space 11776K, 0% used [0x00000000dd300000,0x00000000dd300000,0x00000000dde80000)
 ParOldGen       total 67584K, used 33986K [0x0000000080000000, 0x0000000084200000, 0x00000000d5580000)
  object space 67584K, 50% used [0x0000000080000000,0x0000000082130b60,0x0000000084200000)
 Metaspace       used 56810K, capacity 59046K, committed 59160K, reserved 1099776K
  class space    used 7699K, capacity 8182K, committed 8240K, reserved 1048576K
}
Event: 16.258 GC heap before
{Heap before GC invocations=15 (full 3):
 PSYoungGen      total 135168K, used 8630K [0x00000000d5580000, 0x00000000dea00000, 0x0000000100000000)
  eden space 125952K, 0% used [0x00000000d5580000,0x00000000d5580000,0x00000000dd080000)
  from space 9216K, 93% used [0x00000000de100000,0x00000000de96d880,0x00000000dea00000)
  to   space 11776K, 0% used [0x00000000dd300000,0x00000000dd300000,0x00000000dde80000)
 ParOldGen       total 67584K, used 33986K [0x0000000080000000, 0x0000000084200000, 0x00000000d5580000)
  object space 67584K, 50% used [0x0000000080000000,0x0000000082130b60,0x0000000084200000)
 Metaspace       used 56810K, capacity 59046K, committed 59160K, reserved 1099776K
  class space    used 7699K, capacity 8182K, committed 8240K, reserved 1048576K

